<?xml version="1.0" encoding="UTF-8" ?>
<testsuites>
<testsuite name="Validate get and update headline functionality" errors="0" tests="2" failures="0" time="0.199" timestamp="2022-11-15T20:20:03">
  <testcase classname="Validate get and update headline functionality" name="should get the user`s headline" time="0.096"></testcase>
  <testcase classname="Validate get and update headline functionality" name="should update the test user`s headline" time="0.102"></testcase>
</testsuite>
</testsuites>