<?xml version="1.0" encoding="UTF-8" ?>
<testsuites>
<testsuite name="Validate register and log functionality" errors="0" tests="3" failures="0" time="0.2" timestamp="2022-11-15T20:20:02">
  <testcase classname="Validate register and log functionality" name="should register a test user" time="0.092"></testcase>
  <testcase classname="Validate register and log functionality" name="should log in the test user" time="0.052"></testcase>
  <testcase classname="Validate register and log functionality" name="should log out the user" time="0.055"></testcase>
</testsuite>
</testsuites>